<?xml version="1.0" encoding="UTF-8"?>
<!-- Generated by org.testng.reporters.JUnitReportReporter -->
<testsuite hostname="munivamsi" failures="0" tests="2" name="testCases.TC_001_AccountRegistrationTest" time="3.725" errors="0" timestamp="2025-06-05T13:19:46 IST" skipped="0">
  <testcase classname="testCases.TC_001_AccountRegistrationTest" name="verify_account_registration" time="2.026"/>
  <testcase classname="testCases.TC_001_AccountRegistrationTest" name="verify_account_registration" time="1.699"/>
</testsuite> <!-- testCases.TC_001_AccountRegistrationTest -->
